0 info it worked if it ends with ok
1 verbose cli [ 'C:\\Program Files (x86)\\nodejs\\\\node.exe',
1 verbose cli   'C:\\Program Files (x86)\\nodejs\\node_modules\\npm\\bin\\npm-cli.js',
1 verbose cli   'install',
1 verbose cli   'socket.io.client' ]
2 info using npm@1.4.28
3 info using node@v0.10.32
4 verbose node symlink C:\Program Files (x86)\nodejs\\node.exe
5 verbose cache add [ 'socket.io.client', null ]
6 verbose cache add name=undefined spec="socket.io.client" args=["socket.io.client",null]
7 verbose parsed url { protocol: null,
7 verbose parsed url   slashes: null,
7 verbose parsed url   auth: null,
7 verbose parsed url   host: null,
7 verbose parsed url   port: null,
7 verbose parsed url   hostname: null,
7 verbose parsed url   hash: null,
7 verbose parsed url   search: null,
7 verbose parsed url   query: null,
7 verbose parsed url   pathname: 'socket.io.client',
7 verbose parsed url   path: 'socket.io.client',
7 verbose parsed url   href: 'socket.io.client' }
8 silly lockFile f3658e87-socket-io-client socket.io.client
9 verbose lock socket.io.client C:\Users\surjit\AppData\Roaming\npm-cache\f3658e87-socket-io-client.lock
10 silly lockFile f3658e87-socket-io-client socket.io.client
11 silly lockFile f3658e87-socket-io-client socket.io.client
12 verbose addNamed [ 'socket.io.client', '' ]
13 verbose addNamed [ null, '*' ]
14 silly lockFile 34f51dfb-socket-io-client socket.io.client@
15 verbose lock socket.io.client@ C:\Users\surjit\AppData\Roaming\npm-cache\34f51dfb-socket-io-client.lock
16 silly addNameRange { name: 'socket.io.client', range: '*', hasData: false }
17 verbose request where is /socket.io.client
18 verbose request registry https://registry.npmjs.org/
19 verbose request id e7e70fb7b8f596c3
20 verbose url raw /socket.io.client
21 verbose url resolving [ 'https://registry.npmjs.org/', './socket.io.client' ]
22 verbose url resolved https://registry.npmjs.org/socket.io.client
23 verbose request where is https://registry.npmjs.org/socket.io.client
24 info trying registry request attempt 1 at 21:21:30
25 http GET https://registry.npmjs.org/socket.io.client
26 http 404 https://registry.npmjs.org/socket.io.client
27 verbose headers { server: 'CouchDB/1.5.0 (Erlang OTP/R16B03)',
27 verbose headers   'content-type': 'application/json',
27 verbose headers   'cache-control': 'max-age=0',
27 verbose headers   'content-length': '51',
27 verbose headers   'accept-ranges': 'bytes',
27 verbose headers   date: 'Fri, 05 Jun 2015 04:20:25 GMT',
27 verbose headers   via: '1.1 varnish',
27 verbose headers   age: '0',
27 verbose headers   connection: 'keep-alive',
27 verbose headers   'x-served-by': 'cache-lax1425-LAX',
27 verbose headers   'x-cache': 'MISS',
27 verbose headers   'x-cache-hits': '0',
27 verbose headers   'x-timer': 'S1433478025.833503,VS0,VE94' }
28 silly registry.get cb [ 404,
28 silly registry.get   { server: 'CouchDB/1.5.0 (Erlang OTP/R16B03)',
28 silly registry.get     'content-type': 'application/json',
28 silly registry.get     'cache-control': 'max-age=0',
28 silly registry.get     'content-length': '51',
28 silly registry.get     'accept-ranges': 'bytes',
28 silly registry.get     date: 'Fri, 05 Jun 2015 04:20:25 GMT',
28 silly registry.get     via: '1.1 varnish',
28 silly registry.get     age: '0',
28 silly registry.get     connection: 'keep-alive',
28 silly registry.get     'x-served-by': 'cache-lax1425-LAX',
28 silly registry.get     'x-cache': 'MISS',
28 silly registry.get     'x-cache-hits': '0',
28 silly registry.get     'x-timer': 'S1433478025.833503,VS0,VE94' } ]
29 silly lockFile 34f51dfb-socket-io-client socket.io.client@
30 silly lockFile 34f51dfb-socket-io-client socket.io.client@
31 error 404 404 Not Found: socket.io.client
31 error 404
31 error 404 'socket.io.client' is not in the npm registry.
31 error 404 You should bug the author to publish it
31 error 404
31 error 404 Note that you can also install from a
31 error 404 tarball, folder, or http url, or git url.
32 error System Windows_NT 6.2.9200
33 error command "C:\\Program Files (x86)\\nodejs\\\\node.exe" "C:\\Program Files (x86)\\nodejs\\node_modules\\npm\\bin\\npm-cli.js" "install" "socket.io.client"
34 error cwd C:\Users\surjit\NodeJSProjects\sampleCrawler
35 error node -v v0.10.32
36 error npm -v 1.4.28
37 error code E404
38 verbose exit [ 1, true ]
